To honour the JVM settings for this build a single-use Daemon process will be forked. For more on this, please refer to https://docs.gradle.org/8.6/userguide/gradle_daemon.html#sec:disabling_the_daemon in the Gradle documentation.
Exception in thread "DisconnectableInputStream source reader" org.gradle.api.UncheckedIOException: java.io.IOException: Input/output error
	at org.gradle.internal.UncheckedException.throwAsUncheckedException(UncheckedException.java:62)
	at org.gradle.internal.UncheckedException.throwAsUncheckedException(UncheckedException.java:41)
	at org.gradle.util.internal.DisconnectableInputStream$1.run(DisconnectableInputStream.java:127)
	at java.base/java.lang.Thread.run(Thread.java:1570)
Caused by: java.io.IOException: Input/output error
	at java.base/java.io.FileInputStream.readBytes(Native Method)
	at java.base/java.io.FileInputStream.read(FileInputStream.java:287)
	at java.base/java.io.BufferedInputStream.read1(BufferedInputStream.java:345)
	at java.base/java.io.BufferedInputStream.implRead(BufferedInputStream.java:420)
	at java.base/java.io.BufferedInputStream.read(BufferedInputStream.java:399)
	at org.gradle.util.internal.DisconnectableInputStream$1.run(DisconnectableInputStream.java:98)
	... 1 more
Daemon will be stopped at the end of the build 
> Task :schema-generator:compileJava
> Task :schema-generator:compileJava NO-SOURCE
> Task :schema-generator:processResources
> Task :schema-generator:processResources NO-SOURCE
> Task :schema-generator:classes
> Task :schema-generator:classes UP-TO-DATE
> Task :schema-generator:jar
> Task :schema-generator:jar UP-TO-DATE
> Task :mapper-core:compileJava
> Task :mapper-core:processResources
> Task :mapper-core:processResources NO-SOURCE
> Task :mapper-core:classes
> Task :mapper-core:jar
> Task :mapper-core:jar UP-TO-DATE
> Task :service:compileJava
> Task :service:compileJava UP-TO-DATE
> Task :service:processResources
> Task :service:processResources NO-SOURCE
> Task :service:classes
> Task :service:classes UP-TO-DATE
> Task :service:resolveMainClassName
> Task :service:resolveMainClassName UP-TO-DATE
> Task :service:bootRun

  .   ____          _            __ _ _
 /\\ / ___'_ __ _ _(_)_ __  __ _ \ \ \ \
( ( )\___ | '_ | '_| | '_ \/ _` | \ \ \ \
 \\/  ___)| |_)| | | | | || (_| |  ) ) ) )
  '  |____| .__|_| |_|_| |_\__, | / / / /
 =========|_|==============|___/=/_/_/_/
[32m :: Spring Boot :: [39m              [2m (v3.2.2)[0;39m

[2m2025-08-15T13:53:26.219-04:00[0;39m [32m INFO[0;39m [35m10935[0;39m [2m---[0;39m [2m[           main][0;39m [2m[0;39m[36mo.translator.service.ServiceApplication [0;39m [2m:[0;39m Starting ServiceApplication using Java 21.0.8 with PID 10935 (/Users/ejikeudeze/AI_Projects/data-transformator/service/build/classes/java/main started by ejikeudeze in /Users/ejikeudeze/AI_Projects/data-transformator/service)
[2m2025-08-15T13:53:26.220-04:00[0;39m [32m INFO[0;39m [35m10935[0;39m [2m---[0;39m [2m[           main][0;39m [2m[0;39m[36mo.translator.service.ServiceApplication [0;39m [2m:[0;39m No active profile set, falling back to 1 default profile: "default"
[2m2025-08-15T13:53:26.499-04:00[0;39m [32m INFO[0;39m [35m10935[0;39m [2m---[0;39m [2m[           main][0;39m [2m[0;39m[36mo.s.b.w.embedded.tomcat.TomcatWebServer [0;39m [2m:[0;39m Tomcat initialized with port 8080 (http)
[2m2025-08-15T13:53:26.505-04:00[0;39m [32m INFO[0;39m [35m10935[0;39m [2m---[0;39m [2m[           main][0;39m [2m[0;39m[36mo.apache.catalina.core.StandardService  [0;39m [2m:[0;39m Starting service [Tomcat]
[2m2025-08-15T13:53:26.505-04:00[0;39m [32m INFO[0;39m [35m10935[0;39m [2m---[0;39m [2m[           main][0;39m [2m[0;39m[36mo.apache.catalina.core.StandardEngine   [0;39m [2m:[0;39m Starting Servlet engine: [Apache Tomcat/10.1.18]
[2m2025-08-15T13:53:26.521-04:00[0;39m [32m INFO[0;39m [35m10935[0;39m [2m---[0;39m [2m[           main][0;39m [2m[0;39m[36mo.a.c.c.C.[Tomcat].[localhost].[/]      [0;39m [2m:[0;39m Initializing Spring embedded WebApplicationContext
[2m2025-08-15T13:53:26.522-04:00[0;39m [32m INFO[0;39m [35m10935[0;39m [2m---[0;39m [2m[           main][0;39m [2m[0;39m[36mw.s.c.ServletWebServerApplicationContext[0;39m [2m:[0;39m Root WebApplicationContext: initialization completed in 287 ms
[2m2025-08-15T13:53:26.631-04:00[0;39m [32m INFO[0;39m [35m10935[0;39m [2m---[0;39m [2m[           main][0;39m [2m[0;39m[36mo.s.b.w.embedded.tomcat.TomcatWebServer [0;39m [2m:[0;39m Tomcat started on port 8080 (http) with context path ''
[2m2025-08-15T13:53:26.634-04:00[0;39m [32m INFO[0;39m [35m10935[0;39m [2m---[0;39m [2m[           main][0;39m [2m[0;39m[36mo.translator.service.ServiceApplication [0;39m [2m:[0;39m Started ServiceApplication in 0.527 seconds (process running for 0.644)
[2m2025-08-15T13:53:31.320-04:00[0;39m [32m INFO[0;39m [35m10935[0;39m [2m---[0;39m [2m[nio-8080-exec-1][0;39m [2m[0;39m[36mo.a.c.c.C.[Tomcat].[localhost].[/]      [0;39m [2m:[0;39m Initializing Spring DispatcherServlet 'dispatcherServlet'
[2m2025-08-15T13:53:31.320-04:00[0;39m [32m INFO[0;39m [35m10935[0;39m [2m---[0;39m [2m[nio-8080-exec-1][0;39m [2m[0;39m[36mo.s.web.servlet.DispatcherServlet       [0;39m [2m:[0;39m Initializing Servlet 'dispatcherServlet'
[2m2025-08-15T13:53:31.321-04:00[0;39m [32m INFO[0;39m [35m10935[0;39m [2m---[0;39m [2m[nio-8080-exec-1][0;39m [2m[0;39m[36mo.s.web.servlet.DispatcherServlet       [0;39m [2m:[0;39m Completed initialization in 1 ms

> Task :service:bootRun FAILED

FAILURE: Build failed with an exception.

* What went wrong:
Execution failed for task ':service:bootRun'.
> Process 'command '/Library/Java/JavaVirtualMachines/temurin-21.jdk/Contents/Home/bin/java'' finished with non-zero exit value 143

* Try:
> Run with --stacktrace option to get the stack trace.
> Run with --info or --debug option to get more log output.
> Run with --scan to get full insights.
> Get more help at https://help.gradle.org.

Deprecated Gradle features were used in this build, making it incompatible with Gradle 9.0.

You can use '--warning-mode all' to show the individual deprecation warnings and determine if they come from your own scripts or plugins.

For more on this, please refer to https://docs.gradle.org/8.6/userguide/command_line_interface.html#sec:command_line_warnings in the Gradle documentation.

BUILD FAILED in 2h 57m 30s
6 actionable tasks: 2 executed, 4 up-to-date

FAILURE: Build failed with an exception.

* What went wrong:
Could not dispatch a message to the daemon.

* Try:
> Run with --stacktrace option to get the stack trace.
> Run with --info or --debug option to get more log output.
> Run with --scan to get full insights.
> Get more help at https://help.gradle.org.
